18:19:19,67 root INFO 20-20-20 Start
Fri May 24 18:24:23 2019,412 root INFO 20-20-20 Start
Fri May 24 18:25:18 2019,603 root INFO 20-20-20 Start
Fri May 24 18:25:23 2019,603 root INFO Break Start
Fri May 24 18:25:23 2019,606 root ERROR Some trouble with the icon (C:\Users\Will\Projects\20-20-20): (5, 'LoadImage', 'Access is denied.')
Fri May 24 18:28:28 2019,939 root INFO 20-20-20 Start
Fri May 24 18:28:33 2019,940 root INFO Break Start
Fri May 24 18:28:33 2019,943 root ERROR Some trouble with the icon (C:\Users\Will\Projects\20-20-20): (5, 'LoadImage', 'Access is denied.')
Fri May 24 18:28:43 2019,985 root INFO intrusive=False
Fri May 24 18:28:48 2019,986 root INFO Break End
Fri May 24 18:28:48 2019,988 root ERROR Some trouble with the icon (C:\Users\Will\Projects\20-20-20): (5, 'LoadImage', 'Access is denied.')
Fri May 24 18:29:14 2019,26 root INFO Break Start
Fri May 24 18:29:14 2019,28 root ERROR Some trouble with the icon (C:\Users\Will\Projects\20-20-20): (5, 'LoadImage', 'Access is denied.')
Fri May 24 18:29:24 2019,54 root INFO intrusive=False
Fri May 24 18:29:29 2019,54 root INFO Break End
Fri May 24 18:29:29 2019,56 root ERROR Some trouble with the icon (C:\Users\Will\Projects\20-20-20): (5, 'LoadImage', 'Access is denied.')
Fri May 24 18:31:18 2019,502 root INFO 202020 Start
Fri May 24 18:31:23 2019,502 root INFO Break Start
Fri May 24 18:31:23 2019,506 root ERROR Some trouble with the icon (C:\Users\Will\Projects\20-20-20): (5, 'LoadImage', 'Access is denied.')
Fri May 24 18:32:08 2019,365 root INFO 202020 Start
Fri May 24 18:32:13 2019,365 root INFO Break Start
Fri May 24 18:32:13 2019,368 root ERROR Some trouble with the icon (C:\Users\Will\Projects\20-20-20): (5, 'LoadImage', 'Access is denied.')
Fri May 24 18:32:23 2019,409 root INFO intrusive=True
Fri May 24 18:32:23 2019,634 root INFO Input Blocked.
Fri May 24 18:32:28 2019,634 root INFO Input Unblocked.
Fri May 24 18:32:28 2019,634 root INFO Break End
Fri May 24 18:32:28 2019,635 root ERROR Some trouble with the icon (C:\Users\Will\Projects\20-20-20): (5, 'LoadImage', 'Access is denied.')
Fri May 24 18:33:28 2019,310 root INFO 202020 Start
Fri May 24 18:33:33 2019,311 root INFO Break Start
Fri May 24 18:33:33 2019,314 root ERROR Some trouble with the icon (C:\Users\Will\Projects\20-20-20): (5, 'LoadImage', 'Access is denied.')
Fri May 24 18:33:43 2019,342 root INFO intrusive=True
Fri May 24 18:33:43 2019,527 root INFO Input Blocked.
Fri May 24 18:33:48 2019,528 root INFO Input Unblocked.
Fri May 24 18:33:48 2019,528 root INFO Break End
Fri May 24 18:33:48 2019,530 root ERROR Some trouble with the icon (C:\Users\Will\Projects\20-20-20): (5, 'LoadImage', 'Access is denied.')
Fri May 24 18:34:33 2019,629 root INFO 202020 Start
Fri May 24 18:34:38 2019,630 root INFO Break Start
Fri May 24 18:34:38 2019,633 root ERROR Some trouble with the icon (C:\Users\Will\Projects\20-20-20): (5, 'LoadImage', 'Access is denied.')
Fri May 24 18:34:48 2019,671 root INFO intrusive=True
Fri May 24 18:34:48 2019,877 root INFO Input Blocked.
Fri May 24 18:34:53 2019,878 root INFO Input Unblocked.
Fri May 24 18:34:53 2019,878 root INFO Break End
Fri May 24 18:34:53 2019,879 root ERROR Some trouble with the icon (C:\Users\Will\Projects\20-20-20): (5, 'LoadImage', 'Access is denied.')
Fri May 24 18:35:18 2019,916 root INFO Break Start
Fri May 24 18:35:18 2019,917 root ERROR Some trouble with the icon (C:\Users\Will\Projects\20-20-20): (5, 'LoadImage', 'Access is denied.')
Fri May 24 18:42:11 2019,795 root INFO 202020 Start
Fri May 24 18:42:16 2019,795 root INFO Break Start
Fri May 24 18:42:16 2019,798 root ERROR Some trouble with the icon (C:\Users\Will\Projects\20-20-20): (5, 'LoadImage', 'Access is denied.')
Fri May 24 18:42:26 2019,847 root INFO intrusive=True
Fri May 24 18:42:27 2019,122 root INFO Input Blocked.
Fri May 24 18:42:32 2019,122 root INFO Input Unblocked.
Fri May 24 18:42:32 2019,122 root INFO Break End
Fri May 24 18:42:32 2019,123 root ERROR Some trouble with the icon (C:\Users\Will\Projects\20-20-20): (5, 'LoadImage', 'Access is denied.')
Fri May 24 18:44:10 2019,95 root INFO 202020 Start
Fri May 24 18:44:15 2019,95 root INFO Break Start
Fri May 24 18:44:15 2019,95 root INFO intrusive=True
Fri May 24 18:44:15 2019,99 root ERROR Some trouble with the icon (C:\Users\Will\Projects\20-20-20): (5, 'LoadImage', 'Access is denied.')
Fri May 24 18:44:15 2019,309 root INFO Input Blocked.
Fri May 24 18:44:20 2019,309 root INFO Input Unblocked.
Fri May 24 18:44:20 2019,309 root INFO Break End
Fri May 24 18:44:25 2019,310 root INFO Break Start
Fri May 24 18:44:25 2019,311 root INFO intrusive=True
Fri May 24 18:44:25 2019,311 root INFO Input Blocked.
Fri May 24 18:44:25 2019,333 root ERROR Some trouble with the icon (C:\Users\Will\Projects\20-20-20): (5, 'LoadImage', 'Access is denied.')
Fri May 24 18:44:30 2019,311 root INFO Input Unblocked.
Fri May 24 18:44:30 2019,311 root INFO Break End
Fri May 24 18:44:35 2019,312 root INFO Break Start
Fri May 24 18:44:35 2019,312 root INFO intrusive=True
Fri May 24 18:44:35 2019,312 root INFO Input Blocked.
Fri May 24 18:44:40 2019,312 root INFO Input Unblocked.
Fri May 24 18:44:40 2019,312 root INFO Break End
Fri May 24 18:44:40 2019,346 root ERROR Some trouble with the icon (C:\Users\Will\Projects\20-20-20): (5, 'LoadImage', 'Access is denied.')
Fri May 24 19:27:03 2019,229 root INFO 202020 Start
Fri May 24 19:27:15 2019,970 root INFO 202020 Start
Fri May 24 19:30:55 2019,439 root INFO 202020 Start
Fri May 24 19:31:33 2019,745 root INFO 202020 Start
Fri May 24 19:33:56 2019,497 root INFO 202020 Start
Fri May 24 19:35:10 2019,456 root INFO 202020 Start
Fri May 24 19:36:13 2019,601 root INFO 202020 Start
Fri May 24 19:36:24 2019,144 root INFO 202020 Start
Fri May 24 19:38:49 2019,66 root INFO 202020 Start
Fri May 24 19:39:47 2019,571 root INFO 202020 Start
